{"/Users/michaelsu/week14/Bank-Tech-Test/bankAccount.js": {"path":"/Users/michaelsu/week14/Bank-Tech-Test/bankAccount.js","statementMap":{"0":{"start":{"line":1,"column":20},"end":{"line":1,"column":44}},"1":{"start":{"line":5,"column":4},"end":{"line":5,"column":21}},"2":{"start":{"line":6,"column":4},"end":{"line":6,"column":22}},"3":{"start":{"line":7,"column":4},"end":{"line":7,"column":35}},"4":{"start":{"line":11,"column":4},"end":{"line":11,"column":23}},"5":{"start":{"line":12,"column":4},"end":{"line":12,"column":34}},"6":{"start":{"line":16,"column":4},"end":{"line":16,"column":23}},"7":{"start":{"line":17,"column":4},"end":{"line":17,"column":35}},"8":{"start":{"line":21,"column":20},"end":{"line":21,"column":56}},"9":{"start":{"line":22,"column":4},"end":{"line":24,"column":6}},"10":{"start":{"line":23,"column":6},"end":{"line":23,"column":115}},"11":{"start":{"line":25,"column":4},"end":{"line":25,"column":26}},"12":{"start":{"line":31,"column":4},"end":{"line":31,"column":119}},"13":{"start":{"line":35,"column":4},"end":{"line":35,"column":119}},"14":{"start":{"line":39,"column":0},"end":{"line":39,"column":29}}},"fnMap":{"0":{"name":"(anonymous_0)","decl":{"start":{"line":4,"column":2},"end":{"line":4,"column":3}},"loc":{"start":{"line":4,"column":41},"end":{"line":8,"column":3}},"line":4},"1":{"name":"(anonymous_1)","decl":{"start":{"line":10,"column":2},"end":{"line":10,"column":3}},"loc":{"start":{"line":10,"column":21},"end":{"line":13,"column":3}},"line":10},"2":{"name":"(anonymous_2)","decl":{"start":{"line":15,"column":2},"end":{"line":15,"column":3}},"loc":{"start":{"line":15,"column":22},"end":{"line":18,"column":3}},"line":15},"3":{"name":"(anonymous_3)","decl":{"start":{"line":20,"column":2},"end":{"line":20,"column":3}},"loc":{"start":{"line":20,"column":19},"end":{"line":26,"column":3}},"line":20},"4":{"name":"(anonymous_4)","decl":{"start":{"line":22,"column":25},"end":{"line":22,"column":26}},"loc":{"start":{"line":22,"column":42},"end":{"line":24,"column":5}},"line":22}},"branchMap":{"0":{"loc":{"start":{"line":4,"column":14},"end":{"line":4,"column":39}},"type":"default-arg","locations":[{"start":{"line":4,"column":28},"end":{"line":4,"column":39}}],"line":4}},"s":{"0":1,"1":9,"2":9,"3":9,"4":6,"5":6,"6":3,"7":3,"8":2,"9":2,"10":2,"11":2,"12":6,"13":3,"14":1},"f":{"0":9,"1":6,"2":3,"3":2,"4":2},"b":{"0":[9]},"_coverageSchema":"1a1c01bbd47fc00a2c39e90264f33305004495a9","hash":"af1eb8ee922635cac622960d5e39dda28bae3672"}
,"/Users/michaelsu/week14/Bank-Tech-Test/transaction.js": {"path":"/Users/michaelsu/week14/Bank-Tech-Test/transaction.js","statementMap":{"0":{"start":{"line":3,"column":4},"end":{"line":3,"column":21}},"1":{"start":{"line":4,"column":4},"end":{"line":4,"column":26}},"2":{"start":{"line":5,"column":4},"end":{"line":5,"column":26}},"3":{"start":{"line":6,"column":4},"end":{"line":6,"column":27}},"4":{"start":{"line":10,"column":0},"end":{"line":10,"column":29}}},"fnMap":{"0":{"name":"(anonymous_0)","decl":{"start":{"line":2,"column":2},"end":{"line":2,"column":3}},"loc":{"start":{"line":2,"column":48},"end":{"line":7,"column":3}},"line":2}},"branchMap":{},"s":{"0":13,"1":13,"2":13,"3":13,"4":2},"f":{"0":13},"b":{},"_coverageSchema":"1a1c01bbd47fc00a2c39e90264f33305004495a9","hash":"e52339b22b114380ce22734fe6f1c304280b5af5"}
}
