TN:
SF:bankAccount.js
FN:4,(anonymous_0)
FN:9,(anonymous_1)
FN:14,(anonymous_2)
FN:19,(anonymous_3)
FN:21,(anonymous_4)
FNF:5
FNH:5
FNDA:8,(anonymous_0)
FNDA:5,(anonymous_1)
FNDA:3,(anonymous_2)
FNDA:2,(anonymous_3)
FNDA:2,(anonymous_4)
DA:1,1
DA:5,8
DA:6,8
DA:10,5
DA:11,5
DA:15,3
DA:16,3
DA:20,2
DA:21,2
DA:22,2
DA:24,2
DA:28,1
LF:12
LH:12
BRF:0
BRH:0
end_of_record
TN:
SF:transaction.js
FN:2,(anonymous_0)
FNF:1
FNH:1
FNDA:12,(anonymous_0)
DA:3,12
DA:4,12
DA:5,12
DA:6,12
DA:10,2
LF:5
LH:5
BRF:0
BRH:0
end_of_record
