TN:
SF:bankAccount.js
FN:4,(anonymous_0)
FN:10,(anonymous_1)
FN:15,(anonymous_2)
FN:20,(anonymous_3)
FN:22,(anonymous_4)
FNF:5
FNH:5
FNDA:9,(anonymous_0)
FNDA:6,(anonymous_1)
FNDA:3,(anonymous_2)
FNDA:2,(anonymous_3)
FNDA:2,(anonymous_4)
DA:1,1
DA:5,9
DA:6,9
DA:7,9
DA:11,6
DA:12,6
DA:16,3
DA:17,3
DA:21,2
DA:22,2
DA:23,2
DA:25,2
DA:31,6
DA:35,3
DA:39,1
LF:15
LH:15
BRDA:4,0,0,9
BRF:1
BRH:1
end_of_record
TN:
SF:transaction.js
FN:2,(anonymous_0)
FNF:1
FNH:1
FNDA:13,(anonymous_0)
DA:3,13
DA:4,13
DA:5,13
DA:6,13
DA:10,2
LF:5
LH:5
BRF:0
BRH:0
end_of_record
